2020-08-24 22:40:54,800 - INFO - allennlp.common.params - random_seed = 13370
2020-08-24 22:40:54,800 - INFO - allennlp.common.params - numpy_seed = 1337
2020-08-24 22:40:54,800 - INFO - allennlp.common.params - pytorch_seed = 133
2020-08-24 22:40:54,802 - INFO - allennlp.common.checks - Pytorch version: 1.5.0+cpu
2020-08-24 22:40:54,803 - INFO - allennlp.common.params - type = default
2020-08-24 22:40:54,803 - INFO - allennlp.common.params - dataset_reader.type = tsv-reader
2020-08-24 22:40:54,804 - INFO - allennlp.common.params - dataset_reader.lazy = False
2020-08-24 22:40:54,804 - INFO - allennlp.common.params - dataset_reader.cache_directory = None
2020-08-24 22:40:54,804 - INFO - allennlp.common.params - dataset_reader.max_instances = None
2020-08-24 22:40:54,804 - INFO - allennlp.common.params - dataset_reader.manual_distributed_sharding = False
2020-08-24 22:40:54,804 - INFO - allennlp.common.params - dataset_reader.manual_multi_process_sharding = False
2020-08-24 22:40:54,804 - INFO - allennlp.common.params - dataset_reader.tokenizer = None
2020-08-24 22:40:54,804 - INFO - allennlp.common.params - dataset_reader.token_indexers = None
2020-08-24 22:40:54,804 - INFO - allennlp.common.params - train_data_path = ./data/train_data.tsv
2020-08-24 22:40:54,805 - INFO - allennlp.common.params - vocabulary = None
2020-08-24 22:40:54,805 - INFO - allennlp.common.params - datasets_for_vocab_creation = None
2020-08-24 22:40:54,805 - INFO - allennlp.common.params - validation_dataset_reader = None
2020-08-24 22:40:54,805 - INFO - allennlp.common.params - validation_data_path = ./data/test_data.tsv
2020-08-24 22:40:54,805 - INFO - allennlp.common.params - validation_data_loader = None
2020-08-24 22:40:54,805 - INFO - allennlp.common.params - test_data_path = None
2020-08-24 22:40:54,805 - INFO - allennlp.common.params - evaluate_on_test = False
2020-08-24 22:40:54,805 - INFO - allennlp.common.params - batch_weight_key = 
2020-08-24 22:40:54,805 - INFO - allennlp.training.util - Reading training data from ./data/train_data.tsv
2020-08-24 22:40:54,857 - INFO - allennlp.training.util - Reading validation data from ./data/test_data.tsv
2020-08-24 22:40:54,869 - INFO - allennlp.data.vocabulary - Fitting token dictionary from dataset.
2020-08-24 22:40:54,878 - INFO - allennlp.common.params - model.type = simple_classifier
2020-08-24 22:40:54,879 - INFO - allennlp.common.params - model.embedder.type = basic
2020-08-24 22:40:54,879 - INFO - allennlp.common.params - model.embedder.token_embedders.tokens.type = embedding
2020-08-24 22:40:54,879 - INFO - allennlp.common.params - model.embedder.token_embedders.tokens.embedding_dim = 64
2020-08-24 22:40:54,879 - INFO - allennlp.common.params - model.embedder.token_embedders.tokens.num_embeddings = None
2020-08-24 22:40:54,879 - INFO - allennlp.common.params - model.embedder.token_embedders.tokens.projection_dim = None
2020-08-24 22:40:54,880 - INFO - allennlp.common.params - model.embedder.token_embedders.tokens.weight = None
2020-08-24 22:40:54,880 - INFO - allennlp.common.params - model.embedder.token_embedders.tokens.padding_index = None
2020-08-24 22:40:54,880 - INFO - allennlp.common.params - model.embedder.token_embedders.tokens.trainable = True
2020-08-24 22:40:54,880 - INFO - allennlp.common.params - model.embedder.token_embedders.tokens.max_norm = None
2020-08-24 22:40:54,880 - INFO - allennlp.common.params - model.embedder.token_embedders.tokens.norm_type = 2.0
2020-08-24 22:40:54,880 - INFO - allennlp.common.params - model.embedder.token_embedders.tokens.scale_grad_by_freq = False
2020-08-24 22:40:54,880 - INFO - allennlp.common.params - model.embedder.token_embedders.tokens.sparse = False
2020-08-24 22:40:54,880 - INFO - allennlp.common.params - model.embedder.token_embedders.tokens.vocab_namespace = tokens
2020-08-24 22:40:54,880 - INFO - allennlp.common.params - model.embedder.token_embedders.tokens.pretrained_file = None
2020-08-24 22:40:54,881 - INFO - allennlp.common.params - model.encoder.type = gru
2020-08-24 22:40:54,881 - INFO - allennlp.common.params - model.encoder.input_size = 64
2020-08-24 22:40:54,881 - INFO - allennlp.common.params - model.encoder.hidden_size = 128
2020-08-24 22:40:54,881 - INFO - allennlp.common.params - model.encoder.num_layers = 1
2020-08-24 22:40:54,881 - INFO - allennlp.common.params - model.encoder.bias = True
2020-08-24 22:40:54,881 - INFO - allennlp.common.params - model.encoder.dropout = 0.0
2020-08-24 22:40:54,882 - INFO - allennlp.common.params - model.encoder.bidirectional = False
2020-08-24 22:40:54,884 - INFO - filelock - Lock 1722508239256 acquired on results/word_gru\vocabulary\.lock
2020-08-24 22:40:54,889 - INFO - filelock - Lock 1722508239256 released on results/word_gru\vocabulary\.lock
2020-08-24 22:40:54,889 - INFO - allennlp.common.params - data_loader.type = default
2020-08-24 22:40:54,889 - INFO - allennlp.common.params - data_loader.batch_size = 32
2020-08-24 22:40:54,889 - INFO - allennlp.common.params - data_loader.shuffle = True
2020-08-24 22:40:54,889 - INFO - allennlp.common.params - data_loader.sampler = None
2020-08-24 22:40:54,890 - INFO - allennlp.common.params - data_loader.batch_sampler = None
2020-08-24 22:40:54,890 - INFO - allennlp.common.params - data_loader.num_workers = 0
2020-08-24 22:40:54,890 - INFO - allennlp.common.params - data_loader.pin_memory = False
2020-08-24 22:40:54,890 - INFO - allennlp.common.params - data_loader.drop_last = False
2020-08-24 22:40:54,890 - INFO - allennlp.common.params - data_loader.timeout = 0
2020-08-24 22:40:54,890 - INFO - allennlp.common.params - data_loader.worker_init_fn = None
2020-08-24 22:40:54,890 - INFO - allennlp.common.params - data_loader.multiprocessing_context = None
2020-08-24 22:40:54,890 - INFO - allennlp.common.params - data_loader.batches_per_epoch = None
2020-08-24 22:40:54,891 - INFO - allennlp.common.params - data_loader.type = default
2020-08-24 22:40:54,891 - INFO - allennlp.common.params - data_loader.batch_size = 32
2020-08-24 22:40:54,891 - INFO - allennlp.common.params - data_loader.shuffle = True
2020-08-24 22:40:54,891 - INFO - allennlp.common.params - data_loader.sampler = None
2020-08-24 22:40:54,891 - INFO - allennlp.common.params - data_loader.batch_sampler = None
2020-08-24 22:40:54,891 - INFO - allennlp.common.params - data_loader.num_workers = 0
2020-08-24 22:40:54,891 - INFO - allennlp.common.params - data_loader.pin_memory = False
2020-08-24 22:40:54,891 - INFO - allennlp.common.params - data_loader.drop_last = False
2020-08-24 22:40:54,891 - INFO - allennlp.common.params - data_loader.timeout = 0
2020-08-24 22:40:54,891 - INFO - allennlp.common.params - data_loader.worker_init_fn = None
2020-08-24 22:40:54,891 - INFO - allennlp.common.params - data_loader.multiprocessing_context = None
2020-08-24 22:40:54,892 - INFO - allennlp.common.params - data_loader.batches_per_epoch = None
2020-08-24 22:40:54,892 - INFO - allennlp.common.params - trainer.type = gradient_descent
2020-08-24 22:40:54,892 - INFO - allennlp.common.params - trainer.patience = 10
2020-08-24 22:40:54,892 - INFO - allennlp.common.params - trainer.validation_metric = -loss
2020-08-24 22:40:54,893 - INFO - allennlp.common.params - trainer.num_epochs = 100
2020-08-24 22:40:54,893 - INFO - allennlp.common.params - trainer.cuda_device = -1
2020-08-24 22:40:54,893 - INFO - allennlp.common.params - trainer.grad_norm = None
2020-08-24 22:40:54,893 - INFO - allennlp.common.params - trainer.grad_clipping = None
2020-08-24 22:40:54,893 - INFO - allennlp.common.params - trainer.distributed = None
2020-08-24 22:40:54,893 - INFO - allennlp.common.params - trainer.world_size = 1
2020-08-24 22:40:54,893 - INFO - allennlp.common.params - trainer.num_gradient_accumulation_steps = 1
2020-08-24 22:40:54,893 - INFO - allennlp.common.params - trainer.opt_level = None
2020-08-24 22:40:54,894 - INFO - allennlp.common.params - trainer.no_grad = None
2020-08-24 22:40:54,894 - INFO - allennlp.common.params - trainer.optimizer = adam
2020-08-24 22:40:54,894 - INFO - allennlp.common.params - trainer.learning_rate_scheduler = None
2020-08-24 22:40:54,894 - INFO - allennlp.common.params - trainer.momentum_scheduler = None
2020-08-24 22:40:54,894 - INFO - allennlp.common.params - trainer.tensorboard_writer = None
2020-08-24 22:40:54,894 - INFO - allennlp.common.params - trainer.moving_average = None
2020-08-24 22:40:54,895 - INFO - allennlp.common.params - trainer.checkpointer = None
2020-08-24 22:40:54,895 - INFO - allennlp.common.params - trainer.batch_callbacks = None
2020-08-24 22:40:54,895 - INFO - allennlp.common.params - trainer.epoch_callbacks = None
2020-08-24 22:40:54,895 - INFO - allennlp.common.util - The following parameters are Frozen (without gradient):
2020-08-24 22:40:54,895 - INFO - allennlp.common.util - The following parameters are Tunable (with gradient):
2020-08-24 22:40:54,895 - INFO - allennlp.common.util - embedder.token_embedder_tokens.weight
2020-08-24 22:40:54,895 - INFO - allennlp.common.util - encoder._module.weight_ih_l0
2020-08-24 22:40:54,895 - INFO - allennlp.common.util - encoder._module.weight_hh_l0
2020-08-24 22:40:54,896 - INFO - allennlp.common.util - encoder._module.bias_ih_l0
2020-08-24 22:40:54,896 - INFO - allennlp.common.util - encoder._module.bias_hh_l0
2020-08-24 22:40:54,896 - INFO - allennlp.common.util - linear.weight
2020-08-24 22:40:54,896 - INFO - allennlp.common.util - linear.bias
2020-08-24 22:40:54,896 - INFO - allennlp.common.params - type = adam
2020-08-24 22:40:54,896 - INFO - allennlp.common.params - parameter_groups = None
2020-08-24 22:40:54,897 - INFO - allennlp.common.params - lr = 0.001
2020-08-24 22:40:54,897 - INFO - allennlp.common.params - betas = (0.9, 0.999)
2020-08-24 22:40:54,897 - INFO - allennlp.common.params - eps = 1e-08
2020-08-24 22:40:54,897 - INFO - allennlp.common.params - weight_decay = 0.0
2020-08-24 22:40:54,897 - INFO - allennlp.common.params - amsgrad = False
2020-08-24 22:40:54,897 - INFO - allennlp.training.optimizers - Number of trainable parameters: 116437
2020-08-24 22:40:54,904 - INFO - allennlp.training.trainer - Beginning training.
2020-08-24 22:40:54,904 - INFO - allennlp.training.trainer - Epoch 0/99
2020-08-24 22:40:54,905 - INFO - allennlp.training.trainer - Worker 0 memory usage MB: 0.0
2020-08-24 22:40:54,910 - INFO - allennlp.training.trainer - Training
2020-08-24 22:40:55,762 - INFO - allennlp.training.trainer - Validating
2020-08-24 22:40:55,851 - INFO - allennlp.training.tensorboard_writer -                        Training |  Validation
2020-08-24 22:40:55,853 - INFO - allennlp.training.tensorboard_writer - accuracy           |     0.287  |     0.307
2020-08-24 22:40:55,853 - INFO - allennlp.training.tensorboard_writer - loss               |     3.956  |     3.209
2020-08-24 22:40:55,854 - INFO - allennlp.training.tensorboard_writer - reg_loss           |     0.000  |     0.000
2020-08-24 22:40:55,855 - INFO - allennlp.training.tensorboard_writer - worker_0_memory_MB |     0.000  |       N/A
2020-08-24 22:40:55,861 - INFO - allennlp.training.checkpointer - Best validation performance so far. Copying weights to 'results/word_gru/best.th'.
2020-08-24 22:40:55,864 - INFO - allennlp.training.trainer - Epoch duration: 0:00:00.960486
2020-08-24 22:40:55,865 - INFO - allennlp.training.trainer - Estimated training time remaining: 0:01:35
2020-08-24 22:40:55,865 - INFO - allennlp.training.trainer - Epoch 1/99
2020-08-24 22:40:55,865 - INFO - allennlp.training.trainer - Worker 0 memory usage MB: 0.0
2020-08-24 22:40:55,874 - INFO - allennlp.training.trainer - Training
2020-08-24 22:40:56,687 - INFO - allennlp.training.trainer - Validating
2020-08-24 22:40:56,775 - INFO - allennlp.training.tensorboard_writer -                        Training |  Validation
2020-08-24 22:40:56,775 - INFO - allennlp.training.tensorboard_writer - accuracy           |     0.374  |     0.435
2020-08-24 22:40:56,776 - INFO - allennlp.training.tensorboard_writer - loss               |     2.583  |     2.420
2020-08-24 22:40:56,777 - INFO - allennlp.training.tensorboard_writer - reg_loss           |     0.000  |     0.000
2020-08-24 22:40:56,778 - INFO - allennlp.training.tensorboard_writer - worker_0_memory_MB |     0.000  |       N/A
2020-08-24 22:40:56,784 - INFO - allennlp.training.checkpointer - Best validation performance so far. Copying weights to 'results/word_gru/best.th'.
2020-08-24 22:40:56,787 - INFO - allennlp.training.trainer - Epoch duration: 0:00:00.921536
2020-08-24 22:40:56,787 - INFO - allennlp.training.trainer - Estimated training time remaining: 0:01:32
2020-08-24 22:40:56,788 - INFO - allennlp.training.trainer - Epoch 2/99
2020-08-24 22:40:56,788 - INFO - allennlp.training.trainer - Worker 0 memory usage MB: 0.0
2020-08-24 22:40:56,797 - INFO - allennlp.training.trainer - Training
2020-08-24 22:40:57,641 - INFO - allennlp.training.trainer - Validating
2020-08-24 22:40:57,734 - INFO - allennlp.training.tensorboard_writer -                        Training |  Validation
2020-08-24 22:40:57,735 - INFO - allennlp.training.tensorboard_writer - accuracy           |     0.589  |     0.623
2020-08-24 22:40:57,736 - INFO - allennlp.training.tensorboard_writer - loss               |     1.853  |     1.882
2020-08-24 22:40:57,736 - INFO - allennlp.training.tensorboard_writer - reg_loss           |     0.000  |     0.000
2020-08-24 22:40:57,737 - INFO - allennlp.training.tensorboard_writer - worker_0_memory_MB |     0.000  |       N/A
2020-08-24 22:40:57,744 - INFO - allennlp.training.checkpointer - Best validation performance so far. Copying weights to 'results/word_gru/best.th'.
2020-08-24 22:40:57,748 - INFO - allennlp.training.trainer - Epoch duration: 0:00:00.959958
2020-08-24 22:40:57,748 - INFO - allennlp.training.trainer - Estimated training time remaining: 0:01:31
2020-08-24 22:40:57,749 - INFO - allennlp.training.trainer - Epoch 3/99
2020-08-24 22:40:57,749 - INFO - allennlp.training.trainer - Worker 0 memory usage MB: 0.0
2020-08-24 22:40:57,759 - INFO - allennlp.training.trainer - Training
2020-08-24 22:40:58,653 - INFO - allennlp.training.trainer - Validating
2020-08-24 22:40:58,745 - INFO - allennlp.training.tensorboard_writer -                        Training |  Validation
2020-08-24 22:40:58,746 - INFO - allennlp.training.tensorboard_writer - accuracy           |     0.719  |     0.695
2020-08-24 22:40:58,746 - INFO - allennlp.training.tensorboard_writer - loss               |     1.343  |     1.610
2020-08-24 22:40:58,747 - INFO - allennlp.training.tensorboard_writer - reg_loss           |     0.000  |     0.000
2020-08-24 22:40:58,748 - INFO - allennlp.training.tensorboard_writer - worker_0_memory_MB |     0.000  |       N/A
2020-08-24 22:40:58,755 - INFO - allennlp.training.checkpointer - Best validation performance so far. Copying weights to 'results/word_gru/best.th'.
2020-08-24 22:40:58,759 - INFO - allennlp.training.trainer - Epoch duration: 0:00:01.010364
2020-08-24 22:40:58,759 - INFO - allennlp.training.trainer - Estimated training time remaining: 0:01:32
2020-08-24 22:40:58,759 - INFO - allennlp.training.trainer - Epoch 4/99
2020-08-24 22:40:58,759 - INFO - allennlp.training.trainer - Worker 0 memory usage MB: 0.0
2020-08-24 22:40:58,769 - INFO - allennlp.training.trainer - Training
2020-08-24 22:40:59,613 - INFO - allennlp.training.trainer - Validating
2020-08-24 22:40:59,697 - INFO - allennlp.training.tensorboard_writer -                        Training |  Validation
2020-08-24 22:40:59,698 - INFO - allennlp.training.tensorboard_writer - accuracy           |     0.777  |     0.718
2020-08-24 22:40:59,698 - INFO - allennlp.training.tensorboard_writer - loss               |     1.051  |     1.429
2020-08-24 22:40:59,699 - INFO - allennlp.training.tensorboard_writer - reg_loss           |     0.000  |     0.000
2020-08-24 22:40:59,700 - INFO - allennlp.training.tensorboard_writer - worker_0_memory_MB |     0.000  |       N/A
2020-08-24 22:40:59,707 - INFO - allennlp.training.checkpointer - Best validation performance so far. Copying weights to 'results/word_gru/best.th'.
2020-08-24 22:40:59,711 - INFO - allennlp.training.trainer - Epoch duration: 0:00:00.952031
2020-08-24 22:40:59,711 - INFO - allennlp.training.trainer - Estimated training time remaining: 0:01:31
2020-08-24 22:40:59,711 - INFO - allennlp.training.trainer - Epoch 5/99
2020-08-24 22:40:59,711 - INFO - allennlp.training.trainer - Worker 0 memory usage MB: 0.0
2020-08-24 22:40:59,719 - INFO - allennlp.training.trainer - Training
2020-08-24 22:41:00,568 - INFO - allennlp.training.trainer - Validating
2020-08-24 22:41:00,658 - INFO - allennlp.training.tensorboard_writer -                        Training |  Validation
2020-08-24 22:41:00,658 - INFO - allennlp.training.tensorboard_writer - accuracy           |     0.818  |     0.733
2020-08-24 22:41:00,659 - INFO - allennlp.training.tensorboard_writer - loss               |     0.852  |     1.336
2020-08-24 22:41:00,661 - INFO - allennlp.training.tensorboard_writer - reg_loss           |     0.000  |     0.000
2020-08-24 22:41:00,661 - INFO - allennlp.training.tensorboard_writer - worker_0_memory_MB |     0.000  |       N/A
2020-08-24 22:41:00,668 - INFO - allennlp.training.checkpointer - Best validation performance so far. Copying weights to 'results/word_gru/best.th'.
2020-08-24 22:41:00,672 - INFO - allennlp.training.trainer - Epoch duration: 0:00:00.961023
2020-08-24 22:41:00,672 - INFO - allennlp.training.trainer - Estimated training time remaining: 0:01:30
2020-08-24 22:41:00,672 - INFO - allennlp.training.trainer - Epoch 6/99
2020-08-24 22:41:00,673 - INFO - allennlp.training.trainer - Worker 0 memory usage MB: 0.0
2020-08-24 22:41:00,682 - INFO - allennlp.training.trainer - Training
2020-08-24 22:41:01,501 - INFO - allennlp.training.trainer - Validating
2020-08-24 22:41:01,587 - INFO - allennlp.training.tensorboard_writer -                        Training |  Validation
2020-08-24 22:41:01,587 - INFO - allennlp.training.tensorboard_writer - accuracy           |     0.847  |     0.742
2020-08-24 22:41:01,588 - INFO - allennlp.training.tensorboard_writer - loss               |     0.720  |     1.279
2020-08-24 22:41:01,588 - INFO - allennlp.training.tensorboard_writer - reg_loss           |     0.000  |     0.000
2020-08-24 22:41:01,589 - INFO - allennlp.training.tensorboard_writer - worker_0_memory_MB |     0.000  |       N/A
2020-08-24 22:41:01,594 - INFO - allennlp.training.checkpointer - Best validation performance so far. Copying weights to 'results/word_gru/best.th'.
2020-08-24 22:41:01,597 - INFO - allennlp.training.trainer - Epoch duration: 0:00:00.924573
2020-08-24 22:41:01,598 - INFO - allennlp.training.trainer - Estimated training time remaining: 0:01:28
2020-08-24 22:41:01,598 - INFO - allennlp.training.trainer - Epoch 7/99
2020-08-24 22:41:01,598 - INFO - allennlp.training.trainer - Worker 0 memory usage MB: 0.0
2020-08-24 22:41:01,607 - INFO - allennlp.training.trainer - Training
2020-08-24 22:41:02,419 - INFO - allennlp.training.trainer - Validating
2020-08-24 22:41:02,508 - INFO - allennlp.training.tensorboard_writer -                        Training |  Validation
2020-08-24 22:41:02,509 - INFO - allennlp.training.tensorboard_writer - accuracy           |     0.861  |     0.748
2020-08-24 22:41:02,510 - INFO - allennlp.training.tensorboard_writer - loss               |     0.624  |     1.254
2020-08-24 22:41:02,511 - INFO - allennlp.training.tensorboard_writer - reg_loss           |     0.000  |     0.000
2020-08-24 22:41:02,512 - INFO - allennlp.training.tensorboard_writer - worker_0_memory_MB |     0.000  |       N/A
2020-08-24 22:41:02,518 - INFO - allennlp.training.checkpointer - Best validation performance so far. Copying weights to 'results/word_gru/best.th'.
2020-08-24 22:41:02,522 - INFO - allennlp.training.trainer - Epoch duration: 0:00:00.924566
2020-08-24 22:41:02,523 - INFO - allennlp.training.trainer - Estimated training time remaining: 0:01:27
2020-08-24 22:41:02,523 - INFO - allennlp.training.trainer - Epoch 8/99
2020-08-24 22:41:02,523 - INFO - allennlp.training.trainer - Worker 0 memory usage MB: 0.0
2020-08-24 22:41:02,533 - INFO - allennlp.training.trainer - Training
2020-08-24 22:41:03,355 - INFO - allennlp.training.trainer - Validating
2020-08-24 22:41:03,435 - INFO - allennlp.training.tensorboard_writer -                        Training |  Validation
2020-08-24 22:41:03,435 - INFO - allennlp.training.tensorboard_writer - accuracy           |     0.874  |     0.750
2020-08-24 22:41:03,436 - INFO - allennlp.training.tensorboard_writer - loss               |     0.559  |     1.233
2020-08-24 22:41:03,437 - INFO - allennlp.training.tensorboard_writer - reg_loss           |     0.000  |     0.000
2020-08-24 22:41:03,438 - INFO - allennlp.training.tensorboard_writer - worker_0_memory_MB |     0.000  |       N/A
2020-08-24 22:41:03,444 - INFO - allennlp.training.checkpointer - Best validation performance so far. Copying weights to 'results/word_gru/best.th'.
2020-08-24 22:41:03,448 - INFO - allennlp.training.trainer - Epoch duration: 0:00:00.924558
2020-08-24 22:41:03,449 - INFO - allennlp.training.trainer - Estimated training time remaining: 0:01:26
2020-08-24 22:41:03,449 - INFO - allennlp.training.trainer - Epoch 9/99
2020-08-24 22:41:03,449 - INFO - allennlp.training.trainer - Worker 0 memory usage MB: 0.0
2020-08-24 22:41:03,459 - INFO - allennlp.training.trainer - Training
2020-08-24 22:41:04,260 - INFO - allennlp.training.trainer - Validating
2020-08-24 22:41:04,342 - INFO - allennlp.training.tensorboard_writer -                        Training |  Validation
2020-08-24 22:41:04,343 - INFO - allennlp.training.tensorboard_writer - accuracy           |     0.887  |     0.765
2020-08-24 22:41:04,344 - INFO - allennlp.training.tensorboard_writer - loss               |     0.505  |     1.226
2020-08-24 22:41:04,345 - INFO - allennlp.training.tensorboard_writer - reg_loss           |     0.000  |     0.000
2020-08-24 22:41:04,345 - INFO - allennlp.training.tensorboard_writer - worker_0_memory_MB |     0.000  |       N/A
2020-08-24 22:41:04,352 - INFO - allennlp.training.checkpointer - Best validation performance so far. Copying weights to 'results/word_gru/best.th'.
2020-08-24 22:41:04,356 - INFO - allennlp.training.trainer - Epoch duration: 0:00:00.907130
2020-08-24 22:41:04,356 - INFO - allennlp.training.trainer - Estimated training time remaining: 0:01:25
2020-08-24 22:41:04,356 - INFO - allennlp.training.trainer - Epoch 10/99
2020-08-24 22:41:04,356 - INFO - allennlp.training.trainer - Worker 0 memory usage MB: 0.0
2020-08-24 22:41:04,363 - INFO - allennlp.training.trainer - Training
2020-08-24 22:41:05,160 - INFO - allennlp.training.trainer - Validating
2020-08-24 22:41:05,245 - INFO - allennlp.training.tensorboard_writer -                        Training |  Validation
2020-08-24 22:41:05,246 - INFO - allennlp.training.tensorboard_writer - accuracy           |     0.892  |     0.773
2020-08-24 22:41:05,247 - INFO - allennlp.training.tensorboard_writer - loss               |     0.469  |     1.228
2020-08-24 22:41:05,247 - INFO - allennlp.training.tensorboard_writer - reg_loss           |     0.000  |     0.000
2020-08-24 22:41:05,248 - INFO - allennlp.training.tensorboard_writer - worker_0_memory_MB |     0.000  |       N/A
2020-08-24 22:41:05,256 - INFO - allennlp.training.trainer - Epoch duration: 0:00:00.900182
2020-08-24 22:41:05,257 - INFO - allennlp.training.trainer - Estimated training time remaining: 0:01:23
2020-08-24 22:41:05,257 - INFO - allennlp.training.trainer - Epoch 11/99
2020-08-24 22:41:05,257 - INFO - allennlp.training.trainer - Worker 0 memory usage MB: 0.0
2020-08-24 22:41:05,267 - INFO - allennlp.training.trainer - Training
2020-08-24 22:41:06,063 - INFO - allennlp.training.trainer - Validating
2020-08-24 22:41:06,150 - INFO - allennlp.training.tensorboard_writer -                        Training |  Validation
2020-08-24 22:41:06,150 - INFO - allennlp.training.tensorboard_writer - accuracy           |     0.896  |     0.762
2020-08-24 22:41:06,151 - INFO - allennlp.training.tensorboard_writer - loss               |     0.434  |     1.246
2020-08-24 22:41:06,152 - INFO - allennlp.training.tensorboard_writer - reg_loss           |     0.000  |     0.000
2020-08-24 22:41:06,153 - INFO - allennlp.training.tensorboard_writer - worker_0_memory_MB |     0.000  |       N/A
2020-08-24 22:41:06,161 - INFO - allennlp.training.trainer - Epoch duration: 0:00:00.904145
2020-08-24 22:41:06,161 - INFO - allennlp.training.trainer - Estimated training time remaining: 0:01:22
2020-08-24 22:41:06,161 - INFO - allennlp.training.trainer - Epoch 12/99
2020-08-24 22:41:06,161 - INFO - allennlp.training.trainer - Worker 0 memory usage MB: 0.0
2020-08-24 22:41:06,171 - INFO - allennlp.training.trainer - Training
2020-08-24 22:41:06,991 - INFO - allennlp.training.trainer - Validating
2020-08-24 22:41:07,079 - INFO - allennlp.training.tensorboard_writer -                        Training |  Validation
2020-08-24 22:41:07,079 - INFO - allennlp.training.tensorboard_writer - accuracy           |     0.905  |     0.765
2020-08-24 22:41:07,080 - INFO - allennlp.training.tensorboard_writer - loss               |     0.409  |     1.221
2020-08-24 22:41:07,080 - INFO - allennlp.training.tensorboard_writer - reg_loss           |     0.000  |     0.000
2020-08-24 22:41:07,081 - INFO - allennlp.training.tensorboard_writer - worker_0_memory_MB |     0.000  |       N/A
2020-08-24 22:41:07,088 - INFO - allennlp.training.checkpointer - Best validation performance so far. Copying weights to 'results/word_gru/best.th'.
2020-08-24 22:41:07,092 - INFO - allennlp.training.trainer - Epoch duration: 0:00:00.931072
2020-08-24 22:41:07,092 - INFO - allennlp.training.trainer - Estimated training time remaining: 0:01:21
2020-08-24 22:41:07,092 - INFO - allennlp.training.trainer - Epoch 13/99
2020-08-24 22:41:07,093 - INFO - allennlp.training.trainer - Worker 0 memory usage MB: 0.0
2020-08-24 22:41:07,103 - INFO - allennlp.training.trainer - Training
2020-08-24 22:41:07,918 - INFO - allennlp.training.trainer - Validating
2020-08-24 22:41:07,994 - INFO - allennlp.training.tensorboard_writer -                        Training |  Validation
2020-08-24 22:41:07,994 - INFO - allennlp.training.tensorboard_writer - accuracy           |     0.904  |     0.780
2020-08-24 22:41:07,995 - INFO - allennlp.training.tensorboard_writer - loss               |     0.383  |     1.236
2020-08-24 22:41:07,995 - INFO - allennlp.training.tensorboard_writer - reg_loss           |     0.000  |     0.000
2020-08-24 22:41:07,996 - INFO - allennlp.training.tensorboard_writer - worker_0_memory_MB |     0.000  |       N/A
2020-08-24 22:41:08,004 - INFO - allennlp.training.trainer - Epoch duration: 0:00:00.912122
2020-08-24 22:41:08,005 - INFO - allennlp.training.trainer - Estimated training time remaining: 0:01:20
2020-08-24 22:41:08,005 - INFO - allennlp.training.trainer - Epoch 14/99
2020-08-24 22:41:08,005 - INFO - allennlp.training.trainer - Worker 0 memory usage MB: 0.0
2020-08-24 22:41:08,015 - INFO - allennlp.training.trainer - Training
2020-08-24 22:41:08,842 - INFO - allennlp.training.trainer - Validating
2020-08-24 22:41:08,916 - INFO - allennlp.training.tensorboard_writer -                        Training |  Validation
2020-08-24 22:41:08,917 - INFO - allennlp.training.tensorboard_writer - accuracy           |     0.913  |     0.778
2020-08-24 22:41:08,918 - INFO - allennlp.training.tensorboard_writer - loss               |     0.365  |     1.233
2020-08-24 22:41:08,919 - INFO - allennlp.training.tensorboard_writer - reg_loss           |     0.000  |     0.000
2020-08-24 22:41:08,920 - INFO - allennlp.training.tensorboard_writer - worker_0_memory_MB |     0.000  |       N/A
2020-08-24 22:41:08,926 - INFO - allennlp.training.trainer - Epoch duration: 0:00:00.921050
2020-08-24 22:41:08,926 - INFO - allennlp.training.trainer - Estimated training time remaining: 0:01:19
2020-08-24 22:41:08,926 - INFO - allennlp.training.trainer - Epoch 15/99
2020-08-24 22:41:08,926 - INFO - allennlp.training.trainer - Worker 0 memory usage MB: 0.0
2020-08-24 22:41:08,933 - INFO - allennlp.training.trainer - Training
2020-08-24 22:41:09,752 - INFO - allennlp.training.trainer - Validating
2020-08-24 22:41:09,838 - INFO - allennlp.training.tensorboard_writer -                        Training |  Validation
2020-08-24 22:41:09,839 - INFO - allennlp.training.tensorboard_writer - accuracy           |     0.913  |     0.777
2020-08-24 22:41:09,839 - INFO - allennlp.training.tensorboard_writer - loss               |     0.351  |     1.232
2020-08-24 22:41:09,840 - INFO - allennlp.training.tensorboard_writer - reg_loss           |     0.000  |     0.000
2020-08-24 22:41:09,841 - INFO - allennlp.training.tensorboard_writer - worker_0_memory_MB |     0.000  |       N/A
2020-08-24 22:41:09,848 - INFO - allennlp.training.trainer - Epoch duration: 0:00:00.921063
2020-08-24 22:41:09,848 - INFO - allennlp.training.trainer - Estimated training time remaining: 0:01:18
2020-08-24 22:41:09,848 - INFO - allennlp.training.trainer - Epoch 16/99
2020-08-24 22:41:09,848 - INFO - allennlp.training.trainer - Worker 0 memory usage MB: 0.0
2020-08-24 22:41:09,857 - INFO - allennlp.training.trainer - Training
2020-08-24 22:41:10,660 - INFO - allennlp.training.trainer - Validating
2020-08-24 22:41:10,744 - INFO - allennlp.training.tensorboard_writer -                        Training |  Validation
2020-08-24 22:41:10,745 - INFO - allennlp.training.tensorboard_writer - accuracy           |     0.912  |     0.777
2020-08-24 22:41:10,745 - INFO - allennlp.training.tensorboard_writer - loss               |     0.338  |     1.258
2020-08-24 22:41:10,746 - INFO - allennlp.training.tensorboard_writer - reg_loss           |     0.000  |     0.000
2020-08-24 22:41:10,747 - INFO - allennlp.training.tensorboard_writer - worker_0_memory_MB |     0.000  |       N/A
2020-08-24 22:41:10,755 - INFO - allennlp.training.trainer - Epoch duration: 0:00:00.907619
2020-08-24 22:41:10,755 - INFO - allennlp.training.trainer - Estimated training time remaining: 0:01:17
2020-08-24 22:41:10,756 - INFO - allennlp.training.trainer - Epoch 17/99
2020-08-24 22:41:10,756 - INFO - allennlp.training.trainer - Worker 0 memory usage MB: 0.0
2020-08-24 22:41:10,766 - INFO - allennlp.training.trainer - Training
2020-08-24 22:41:11,635 - INFO - allennlp.training.trainer - Validating
2020-08-24 22:41:11,723 - INFO - allennlp.training.tensorboard_writer -                        Training |  Validation
2020-08-24 22:41:11,723 - INFO - allennlp.training.tensorboard_writer - accuracy           |     0.917  |     0.773
2020-08-24 22:41:11,724 - INFO - allennlp.training.tensorboard_writer - loss               |     0.325  |     1.271
2020-08-24 22:41:11,725 - INFO - allennlp.training.tensorboard_writer - reg_loss           |     0.000  |     0.000
2020-08-24 22:41:11,726 - INFO - allennlp.training.tensorboard_writer - worker_0_memory_MB |     0.000  |       N/A
2020-08-24 22:41:11,734 - INFO - allennlp.training.trainer - Epoch duration: 0:00:00.977418
2020-08-24 22:41:11,734 - INFO - allennlp.training.trainer - Estimated training time remaining: 0:01:16
2020-08-24 22:41:11,734 - INFO - allennlp.training.trainer - Epoch 18/99
2020-08-24 22:41:11,735 - INFO - allennlp.training.trainer - Worker 0 memory usage MB: 0.0
2020-08-24 22:41:11,745 - INFO - allennlp.training.trainer - Training
2020-08-24 22:41:12,563 - INFO - allennlp.training.trainer - Validating
2020-08-24 22:41:12,648 - INFO - allennlp.training.tensorboard_writer -                        Training |  Validation
2020-08-24 22:41:12,648 - INFO - allennlp.training.tensorboard_writer - accuracy           |     0.919  |     0.782
2020-08-24 22:41:12,649 - INFO - allennlp.training.tensorboard_writer - loss               |     0.316  |     1.261
2020-08-24 22:41:12,650 - INFO - allennlp.training.tensorboard_writer - reg_loss           |     0.000  |     0.000
2020-08-24 22:41:12,651 - INFO - allennlp.training.tensorboard_writer - worker_0_memory_MB |     0.000  |       N/A
2020-08-24 22:41:12,659 - INFO - allennlp.training.trainer - Epoch duration: 0:00:00.925054
2020-08-24 22:41:12,659 - INFO - allennlp.training.trainer - Estimated training time remaining: 0:01:15
2020-08-24 22:41:12,659 - INFO - allennlp.training.trainer - Epoch 19/99
2020-08-24 22:41:12,659 - INFO - allennlp.training.trainer - Worker 0 memory usage MB: 0.0
2020-08-24 22:41:12,669 - INFO - allennlp.training.trainer - Training
2020-08-24 22:41:13,472 - INFO - allennlp.training.trainer - Validating
2020-08-24 22:41:13,559 - INFO - allennlp.training.tensorboard_writer -                        Training |  Validation
2020-08-24 22:41:13,559 - INFO - allennlp.training.tensorboard_writer - accuracy           |     0.916  |     0.777
2020-08-24 22:41:13,560 - INFO - allennlp.training.tensorboard_writer - loss               |     0.305  |     1.261
2020-08-24 22:41:13,561 - INFO - allennlp.training.tensorboard_writer - reg_loss           |     0.000  |     0.000
2020-08-24 22:41:13,561 - INFO - allennlp.training.tensorboard_writer - worker_0_memory_MB |     0.000  |       N/A
2020-08-24 22:41:13,569 - INFO - allennlp.training.trainer - Epoch duration: 0:00:00.910625
2020-08-24 22:41:13,569 - INFO - allennlp.training.trainer - Estimated training time remaining: 0:01:14
2020-08-24 22:41:13,569 - INFO - allennlp.training.trainer - Epoch 20/99
2020-08-24 22:41:13,569 - INFO - allennlp.training.trainer - Worker 0 memory usage MB: 0.0
2020-08-24 22:41:13,579 - INFO - allennlp.training.trainer - Training
2020-08-24 22:41:14,398 - INFO - allennlp.training.trainer - Validating
2020-08-24 22:41:14,463 - INFO - allennlp.training.tensorboard_writer -                        Training |  Validation
2020-08-24 22:41:14,464 - INFO - allennlp.training.tensorboard_writer - accuracy           |     0.916  |     0.783
2020-08-24 22:41:14,465 - INFO - allennlp.training.tensorboard_writer - loss               |     0.304  |     1.268
2020-08-24 22:41:14,466 - INFO - allennlp.training.tensorboard_writer - reg_loss           |     0.000  |     0.000
2020-08-24 22:41:14,466 - INFO - allennlp.training.tensorboard_writer - worker_0_memory_MB |     0.000  |       N/A
2020-08-24 22:41:14,474 - INFO - allennlp.training.trainer - Epoch duration: 0:00:00.904600
2020-08-24 22:41:14,474 - INFO - allennlp.training.trainer - Estimated training time remaining: 0:01:13
2020-08-24 22:41:14,475 - INFO - allennlp.training.trainer - Epoch 21/99
2020-08-24 22:41:14,475 - INFO - allennlp.training.trainer - Worker 0 memory usage MB: 0.0
2020-08-24 22:41:14,485 - INFO - allennlp.training.trainer - Training
2020-08-24 22:41:15,336 - INFO - allennlp.training.trainer - Validating
2020-08-24 22:41:15,413 - INFO - allennlp.training.tensorboard_writer -                        Training |  Validation
2020-08-24 22:41:15,413 - INFO - allennlp.training.tensorboard_writer - accuracy           |     0.916  |     0.782
2020-08-24 22:41:15,414 - INFO - allennlp.training.tensorboard_writer - loss               |     0.296  |     1.290
2020-08-24 22:41:15,414 - INFO - allennlp.training.tensorboard_writer - reg_loss           |     0.000  |     0.000
2020-08-24 22:41:15,415 - INFO - allennlp.training.tensorboard_writer - worker_0_memory_MB |     0.000  |       N/A
2020-08-24 22:41:15,423 - INFO - allennlp.training.trainer - Epoch duration: 0:00:00.948499
2020-08-24 22:41:15,423 - INFO - allennlp.training.trainer - Estimated training time remaining: 0:01:12
2020-08-24 22:41:15,423 - INFO - allennlp.training.trainer - Epoch 22/99
2020-08-24 22:41:15,424 - INFO - allennlp.training.trainer - Worker 0 memory usage MB: 0.0
2020-08-24 22:41:15,434 - INFO - allennlp.training.trainer - Training
2020-08-24 22:41:16,249 - INFO - allennlp.training.trainer - Validating
2020-08-24 22:41:16,336 - INFO - allennlp.training.trainer - Ran out of patience.  Stopping training.
2020-08-24 22:41:16,337 - INFO - allennlp.training.checkpointer - loading best weights
2020-08-24 22:41:16,341 - INFO - allennlp.common.util - Metrics: {
  "best_epoch": 12,
  "peak_worker_0_memory_MB": 0,
  "training_duration": "0:00:20.512666",
  "training_start_epoch": 0,
  "training_epochs": 21,
  "epoch": 21,
  "training_accuracy": 0.91625,
  "training_loss": 0.29626064563790955,
  "training_reg_loss": 0.0,
  "training_worker_0_memory_MB": 0.0,
  "validation_accuracy": 0.7816666666666666,
  "validation_loss": 1.2898900634364079,
  "validation_reg_loss": 0.0,
  "best_validation_accuracy": 0.765,
  "best_validation_loss": 1.2209387233382778,
  "best_validation_reg_loss": 0.0
}
2020-08-24 22:41:16,341 - INFO - allennlp.models.archival - archiving weights and vocabulary to results/word_gru\model.tar.gz
